[2026-04-20 13:14:34] [MENU_API_GET] Menu fetched successfully | context={"store_id":"store_001"}
[2026-04-20 13:14:47] [ORDER_CREATE] Create order request received | context=[]
[2026-04-20 13:14:47] [MENU_SELECTION] Menu loaded successfully | context={"items_count":31}
[2026-04-20 13:14:47] [ORDER_CREATE] Customer-provided items payload received | context={"items":[{"id":"item_classic_burger_s1","quantity":3,"modifiers":[{"group_id":"mg_patty_size_s1","option_ids":["mod_single_patty_s1"]},{"group_id":"mg_extras_s1","option_ids":["mod_extra_cheese_s1"]},{"group_id":"mg_sauce_s1","option_ids":["mod_sauce_hot_s1"]}]}]}
[2026-04-20 13:14:47] [MENU_SELECTION] Customer item validated | context={"line":1,"item_id":"item_classic_burger_s1","quantity":3,"modifiers":[{"id":"mg_patty_size_s1","title":"mg_patty_size_s1 RND-VJNUAC","selected_items":[{"id":"mod_single_patty_s1","title":"mod_single_patty_s1 RND-VJNUAC","price":15900,"tax_info":[]}]},{"id":"mg_extras_s1","title":"mg_extras_s1 RND-VJNUAC","selected_items":[{"id":"mod_extra_cheese_s1","title":"mod_extra_cheese_s1 RND-VJNUAC","price":1100,"tax_info":[]}]},{"id":"mg_sauce_s1","title":"mg_sauce_s1 RND-VJNUAC","selected_items":[{"id":"mod_sauce_hot_s1","title":"mod_sauce_hot_s1 RND-VJNUAC","price":6100,"tax_info":[]}]}]}
[2026-04-20 13:14:47] [MENU_SELECTION] Customer-selected items accepted | context={"selected_items":[{"id":"item_classic_burger_s1","title":"item_classic_burger_s1 RND-VJNUAC","quantity":3,"base_unit_price":18500,"modifier_unit_total":23100,"unit_price":41600,"total_price":124800,"selected_modifier_groups":[{"id":"mg_patty_size_s1","title":"mg_patty_size_s1 RND-VJNUAC","selected_items":[{"id":"mod_single_patty_s1","title":"mod_single_patty_s1 RND-VJNUAC","price":15900,"tax_info":[]}]},{"id":"mg_extras_s1","title":"mg_extras_s1 RND-VJNUAC","selected_items":[{"id":"mod_extra_cheese_s1","title":"mod_extra_cheese_s1 RND-VJNUAC","price":1100,"tax_info":[]}]},{"id":"mg_sauce_s1","title":"mg_sauce_s1 RND-VJNUAC","selected_items":[{"id":"mod_sauce_hot_s1","title":"mod_sauce_hot_s1 RND-VJNUAC","price":6100,"tax_info":[]}]}]}]}
[2026-04-20 13:14:47] [ORDER_CREATE] Order stored successfully | context={"order_id":"22dde4d7-3025-4893-a3d7-e1d67549539b"}
[2026-04-20 13:14:47] [WEBHOOK_SEND] Dispatching webhook to target | context={"target_url":"http://localhost:8088/webhook.php"}
[2026-04-20 13:14:47] [WEBHOOK_SEND] Dispatching webhook to target | context={"target_url":"https://predev2backoffice.nvision.lk/callback_url/test_callback_url.php"}
[2026-04-20 13:14:48] [ORDER_FETCH] Fetch order request received | context={"order_id":"22dde4d7-3025-4893-a3d7-e1d67549539b"}
[2026-04-20 13:14:48] [ORDER_FETCH] Order fetched successfully | context={"order_id":"22dde4d7-3025-4893-a3d7-e1d67549539b"}
[2026-04-20 13:21:17] [MENU_API_GET] Menu fetched successfully | context={"store_id":"store_001"}
[2026-04-20 13:21:22] [MENU_API_GET] Menu fetched successfully | context={"store_id":"store_001"}
[2026-04-20 13:21:24] [MENU_API_GET] Menu fetched successfully | context={"store_id":"store_001"}
[2026-04-20 13:41:55] [MENU_API_GET] Menu fetched successfully | context={"store_id":"store_001"}
[2026-04-21 06:25:39] [MENU_API_GET] Menu fetched successfully | context={"store_id":"store_001"}
[2026-04-21 06:25:58] [ORDER_CREATE] Create order request received | context=[]
[2026-04-21 06:25:58] [MENU_SELECTION] Menu loaded successfully | context={"items_count":31}
[2026-04-21 06:25:58] [ORDER_CREATE] Customer-provided items payload received | context={"items":[{"id":"item_classic_burger_s1","quantity":5,"modifiers":[{"group_id":"mg_patty_size_s1","option_ids":["mod_triple_patty_s1"]},{"group_id":"mg_extras_s1","option_ids":["mod_extra_cheese_s1","mod_jalapenos_s1"]},{"group_id":"mg_sauce_s1","option_ids":["mod_sauce_hot_s1"]}]}]}
[2026-04-21 06:25:58] [MENU_SELECTION] Customer item validated | context={"line":1,"item_id":"item_classic_burger_s1","quantity":5,"modifiers":[{"id":"mg_patty_size_s1","title":"mg_patty_size_s1 RND-VJNUAC","selected_items":[{"id":"mod_triple_patty_s1","title":"mod_triple_patty_s1 RND-VJNUAC","price":6200,"tax_info":[]}]},{"id":"mg_extras_s1","title":"mg_extras_s1 RND-VJNUAC","selected_items":[{"id":"mod_extra_cheese_s1","title":"mod_extra_cheese_s1 RND-VJNUAC","price":1100,"tax_info":[]},{"id":"mod_jalapenos_s1","title":"mod_jalapenos_s1 RND-VJNUAC","price":8000,"tax_info":[]}]},{"id":"mg_sauce_s1","title":"mg_sauce_s1 RND-VJNUAC","selected_items":[{"id":"mod_sauce_hot_s1","title":"mod_sauce_hot_s1 RND-VJNUAC","price":6100,"tax_info":[]}]}]}
[2026-04-21 06:25:58] [MENU_SELECTION] Customer-selected items accepted | context={"selected_items":[{"id":"item_classic_burger_s1","title":"item_classic_burger_s1 RND-VJNUAC","quantity":5,"base_unit_price":18500,"modifier_unit_total":21400,"unit_price":39900,"total_price":199500,"selected_modifier_groups":[{"id":"mg_patty_size_s1","title":"mg_patty_size_s1 RND-VJNUAC","selected_items":[{"id":"mod_triple_patty_s1","title":"mod_triple_patty_s1 RND-VJNUAC","price":6200,"tax_info":[]}]},{"id":"mg_extras_s1","title":"mg_extras_s1 RND-VJNUAC","selected_items":[{"id":"mod_extra_cheese_s1","title":"mod_extra_cheese_s1 RND-VJNUAC","price":1100,"tax_info":[]},{"id":"mod_jalapenos_s1","title":"mod_jalapenos_s1 RND-VJNUAC","price":8000,"tax_info":[]}]},{"id":"mg_sauce_s1","title":"mg_sauce_s1 RND-VJNUAC","selected_items":[{"id":"mod_sauce_hot_s1","title":"mod_sauce_hot_s1 RND-VJNUAC","price":6100,"tax_info":[]}]}]}]}
[2026-04-21 06:25:58] [ORDER_CREATE] Order stored successfully | context={"order_id":"29d0512b-d492-4090-a5d1-5483cd358faf"}
[2026-04-21 06:25:58] [WEBHOOK_SEND] Dispatching webhook to target | context={"target_url":"http://localhost:8088/webhook.php"}
[2026-04-21 06:25:59] [WEBHOOK_SEND] Dispatching webhook to target | context={"target_url":"https://predev2backoffice.nvision.lk/callback_url/test_callback_url.php"}
[2026-04-21 06:26:00] [ORDER_FETCH] Fetch order request received | context={"order_id":"29d0512b-d492-4090-a5d1-5483cd358faf"}
[2026-04-21 06:26:00] [ORDER_FETCH] Order fetched successfully | context={"order_id":"29d0512b-d492-4090-a5d1-5483cd358faf"}
